<?xml version="1.0" encoding="UTF-8"?>
<!-- Generated by org.testng.reporters.JUnitReportReporter -->
<testsuite hostname="HimanshuJ-LAP" failures="0" tests="1" name="TestCase.SampleTest" time="11.182" errors="0" timestamp="2023-10-24T16:24:29 IST" skipped="0">
  <testcase classname="TestCase.SampleTest" name="sampleLogin" time="11.182"/>
</testsuite> <!-- TestCase.SampleTest -->
